mode: set
github.com/olivo4ka37/bookings/cmd/web/routes.go:11.49,38.2 18 1
github.com/olivo4ka37/bookings/cmd/web/main.go:22.13,24.15 2 0
github.com/olivo4ka37/bookings/cmd/web/main.go:28.2,36.16 4 0
github.com/olivo4ka37/bookings/cmd/web/main.go:24.15,26.3 1 0
github.com/olivo4ka37/bookings/cmd/web/main.go:39.17,55.16 10 1
github.com/olivo4ka37/bookings/cmd/web/main.go:60.2,70.12 6 1
github.com/olivo4ka37/bookings/cmd/web/main.go:55.16,58.3 2 0
github.com/olivo4ka37/bookings/cmd/web/middleware.go:9.45,19.2 3 1
github.com/olivo4ka37/bookings/cmd/web/middleware.go:22.50,24.2 1 1
