mode: set
github.com/olivo4ka37/bookings/internal/handlers/handlers.go:23.47,27.2 1 1
github.com/olivo4ka37/bookings/internal/handlers/handlers.go:30.33,32.2 1 1
github.com/olivo4ka37/bookings/internal/handlers/handlers.go:35.67,39.2 3 1
github.com/olivo4ka37/bookings/internal/handlers/handlers.go:42.68,54.2 5 1
github.com/olivo4ka37/bookings/internal/handlers/handlers.go:57.74,66.2 4 1
github.com/olivo4ka37/bookings/internal/handlers/handlers.go:69.78,71.16 2 1
github.com/olivo4ka37/bookings/internal/handlers/handlers.go:76.2,89.19 6 1
github.com/olivo4ka37/bookings/internal/handlers/handlers.go:100.2,102.66 2 1
github.com/olivo4ka37/bookings/internal/handlers/handlers.go:71.16,74.3 2 0
github.com/olivo4ka37/bookings/internal/handlers/handlers.go:89.19,98.3 4 0
github.com/olivo4ka37/bookings/internal/handlers/handlers.go:107.71,109.2 1 1
github.com/olivo4ka37/bookings/internal/handlers/handlers.go:112.69,114.2 1 1
github.com/olivo4ka37/bookings/internal/handlers/handlers.go:117.75,119.2 1 1
github.com/olivo4ka37/bookings/internal/handlers/handlers.go:122.79,127.2 3 1
github.com/olivo4ka37/bookings/internal/handlers/handlers.go:135.79,142.16 3 1
github.com/olivo4ka37/bookings/internal/handlers/handlers.go:146.2,147.14 2 1
github.com/olivo4ka37/bookings/internal/handlers/handlers.go:142.16,144.3 1 0
github.com/olivo4ka37/bookings/internal/handlers/handlers.go:152.70,154.2 1 1
github.com/olivo4ka37/bookings/internal/handlers/handlers.go:156.81,158.9 2 1
github.com/olivo4ka37/bookings/internal/handlers/handlers.go:165.2,172.4 4 0
github.com/olivo4ka37/bookings/internal/handlers/handlers.go:158.9,163.3 4 1
